Determining if the pthread_create exist failed with the following output:
Change Dir: /home/yupeng/RGBD-pipeline/MakeSrc/build/CMakeFiles/CMakeTmp

Run Build Command:"/usr/bin/make" "cmTC_2e9ea/fast"
/usr/bin/make -f CMakeFiles/cmTC_2e9ea.dir/build.make CMakeFiles/cmTC_2e9ea.dir/build
make[1]: Entering directory '/home/yupeng/RGBD-pipeline/MakeSrc/build/CMakeFiles/CMakeTmp'
Building C object CMakeFiles/cmTC_2e9ea.dir/CheckSymbolExists.c.o
/usr/bin/cc   -fPIC    -o CMakeFiles/cmTC_2e9ea.dir/CheckSymbolExists.c.o   -c /home/yupeng/RGBD-pipeline/MakeSrc/build/CMakeFiles/CMakeTmp/CheckSymbolExists.c
Linking C executable cmTC_2e9ea
/home/yupeng/downloads/cmake-3.13.2-Linux-x86_64/bin/cmake -E cmake_link_script CMakeFiles/cmTC_2e9ea.dir/link.txt --verbose=1
/usr/bin/cc -fPIC     CMakeFiles/cmTC_2e9ea.dir/CheckSymbolExists.c.o  -o cmTC_2e9ea 
CMakeFiles/cmTC_2e9ea.dir/CheckSymbolExists.c.o: In function `main':
CheckSymbolExists.c:(.text+0x1b): undefined reference to `pthread_create'
collect2: error: ld returned 1 exit status
CMakeFiles/cmTC_2e9ea.dir/build.make:86: recipe for target 'cmTC_2e9ea' failed
make[1]: *** [cmTC_2e9ea] Error 1
make[1]: Leaving directory '/home/yupeng/RGBD-pipeline/MakeSrc/build/CMakeFiles/CMakeTmp'
Makefile:121: recipe for target 'cmTC_2e9ea/fast' failed
make: *** [cmTC_2e9ea/fast] Error 2

File /home/yupeng/RGBD-pipeline/MakeSrc/build/CMakeFiles/CMakeTmp/CheckSymbolExists.c:
/* */
#include <pthread.h>

int main(int argc, char** argv)
{
  (void)argv;
#ifndef pthread_create
  return ((int*)(&pthread_create))[argc];
#else
  (void)argc;
  return 0;
#endif
}

Determining if the function pthread_create exists in the pthreads failed with the following output:
Change Dir: /home/yupeng/RGBD-pipeline/MakeSrc/build/CMakeFiles/CMakeTmp

Run Build Command:"/usr/bin/make" "cmTC_6d22e/fast"
/usr/bin/make -f CMakeFiles/cmTC_6d22e.dir/build.make CMakeFiles/cmTC_6d22e.dir/build
make[1]: Entering directory '/home/yupeng/RGBD-pipeline/MakeSrc/build/CMakeFiles/CMakeTmp'
Building C object CMakeFiles/cmTC_6d22e.dir/CheckFunctionExists.c.o
/usr/bin/cc   -fPIC -DCHECK_FUNCTION_EXISTS=pthread_create   -o CMakeFiles/cmTC_6d22e.dir/CheckFunctionExists.c.o   -c /home/yupeng/downloads/cmake-3.13.2-Linux-x86_64/share/cmake-3.13/Modules/CheckFunctionExists.c
Linking C executable cmTC_6d22e
/home/yupeng/downloads/cmake-3.13.2-Linux-x86_64/bin/cmake -E cmake_link_script CMakeFiles/cmTC_6d22e.dir/link.txt --verbose=1
/usr/bin/cc -fPIC -DCHECK_FUNCTION_EXISTS=pthread_create    CMakeFiles/cmTC_6d22e.dir/CheckFunctionExists.c.o  -o cmTC_6d22e -lpthreads 
/usr/bin/ld: cannot find -lpthreads
collect2: error: ld returned 1 exit status
CMakeFiles/cmTC_6d22e.dir/build.make:86: recipe for target 'cmTC_6d22e' failed
make[1]: *** [cmTC_6d22e] Error 1
make[1]: Leaving directory '/home/yupeng/RGBD-pipeline/MakeSrc/build/CMakeFiles/CMakeTmp'
Makefile:121: recipe for target 'cmTC_6d22e/fast' failed
make: *** [cmTC_6d22e/fast] Error 2


